<?xml version="1.0" encoding="UTF-8"?>
<testng-results skipped="0" failed="0" total="1" passed="1">
  <reporter-output>
  </reporter-output>
  <suite name="Default suite" duration-ms="11787" started-at="2015-10-14T10:28:35Z" finished-at="2015-10-14T10:28:47Z">
    <groups>
    </groups>
    <test name="Default test" duration-ms="11787" started-at="2015-10-14T10:28:35Z" finished-at="2015-10-14T10:28:47Z">
      <class name="SeleniumJarsdownload">
        <test-method status="PASS" signature="doBeforeStuff()[pri:0, instance:SeleniumJarsdownload@27e47715]" name="doBeforeStuff" is-config="true" duration-ms="9330" started-at="2015-10-14T15:58:35Z" finished-at="2015-10-14T15:58:44Z">
          <reporter-output>
          </reporter-output>
        </test-method> <!-- doBeforeStuff -->
        <test-method status="PASS" signature="doLogin()[pri:0, instance:SeleniumJarsdownload@27e47715]" name="doLogin" duration-ms="2442" started-at="2015-10-14T15:58:44Z" finished-at="2015-10-14T15:58:47Z">
          <reporter-output>
          </reporter-output>
        </test-method> <!-- doLogin -->
      </class> <!-- SeleniumJarsdownload -->
    </test> <!-- Default test -->
  </suite> <!-- Default suite -->
</testng-results>
